<?xml version="1.0" encoding="UTF-8"?>
<robot generator="Robot 6.0.1 (Python 3.11.1 on win32)" generated="20230130 21:17:55.332" rpa="false" schemaversion="3">
<suite id="s1" name="TC4 json" source="C:\Users\Admin\PycharmProjects\APIAutomation\TestCases\TC4_json.robot">
<test id="s1-t1" name="Get country info" line="11">
<kw name="Create Session" library="RequestsLibrary">
<arg>mysession</arg>
<arg>${base_url}</arg>
<doc>Create Session: create a HTTP session to a server</doc>
<msg timestamp="20230130 21:17:55.638" level="INFO">Creating Session using : alias=mysession, url=https://restful-booker.herokuapp.com/, headers={},                     cookies={}, auth=None, timeout=None, proxies=None, verify=False,                     debug=0 </msg>
<status status="PASS" starttime="20230130 21:17:55.638" endtime="20230130 21:17:55.639"/>
</kw>
<kw name="Get Request" library="RequestsLibrary">
<var>${response}</var>
<arg>mysession</arg>
<arg>/booking/2276</arg>
<doc>*DEPRECATED* Please use `GET On Session` instead.</doc>
<msg timestamp="20230130 21:17:55.639" level="WARN">Keyword 'RequestsLibrary.Get Request' is deprecated. Please use `GET On Session` instead.</msg>
<msg timestamp="20230130 21:17:56.119" level="INFO">GET Request : url=https://restful-booker.herokuapp.com/booking/2276 
 path_url=/booking/2276 
 headers={'User-Agent': 'python-requests/2.28.1', 'Accept-Encoding': 'gzip, deflate', 'Accept': '*/*', 'Connection': 'keep-alive'} 
 body=None 
 </msg>
<msg timestamp="20230130 21:17:56.119" level="INFO">GET Response : url=https://restful-booker.herokuapp.com/booking/2276 
 status=404, reason=Not Found 
 headers={'Server': 'Cowboy', 'Connection': 'keep-alive', 'X-Powered-By': 'Express', 'Content-Type': 'text/plain; charset=utf-8', 'Content-Length': '9', 'Etag': 'W/"9-0gXL1ngzMqISxa6S1zx3F4wtLyg"', 'Date': 'Mon, 30 Jan 2023 20:18:02 GMT', 'Via': '1.1 vegur'} 
 body=Not Found 
 </msg>
<msg timestamp="20230130 21:17:56.119" level="INFO">C:\Users\Admin\AppData\Local\Programs\Python\Python311\Lib\site-packages\urllib3\connectionpool.py:1045: InsecureRequestWarning: Unverified HTTPS request is being made to host 'restful-booker.herokuapp.com'. Adding certificate verification is strongly advised. See: https://urllib3.readthedocs.io/en/1.26.x/advanced-usage.html#ssl-warnings
  warnings.warn(</msg>
<msg timestamp="20230130 21:17:56.120" level="INFO">${response} = &lt;Response [404]&gt;</msg>
<status status="PASS" starttime="20230130 21:17:55.639" endtime="20230130 21:17:56.120"/>
</kw>
<kw name="Log To Console" library="BuiltIn">
<arg>${response.status_code}</arg>
<doc>Logs the given message to the console.</doc>
<status status="PASS" starttime="20230130 21:17:56.122" endtime="20230130 21:17:56.123"/>
</kw>
<kw name="Log To Console" library="BuiltIn">
<arg>${response.content}</arg>
<doc>Logs the given message to the console.</doc>
<status status="PASS" starttime="20230130 21:17:56.124" endtime="20230130 21:17:56.125"/>
</kw>
<kw name="To Json" library="RequestsLibrary">
<var>${json_object}</var>
<arg>${response.content}</arg>
<doc>*DEPRECATED* Please use ${resp.json()} instead. Have a look at the improved HTML output as pretty printing replacement.</doc>
<msg timestamp="20230130 21:17:56.126" level="WARN">Keyword 'RequestsLibrary.To Json' is deprecated. Please use ${resp.json()} instead. Have a look at the improved HTML output as pretty printing replacement.</msg>
<msg timestamp="20230130 21:17:56.129" level="FAIL">JSONDecodeError: Expecting value: line 1 column 1 (char 0)</msg>
<status status="FAIL" starttime="20230130 21:17:56.126" endtime="20230130 21:17:56.132"/>
</kw>
<kw name="Get Value From Json" library="JSONLibrary">
<var>${name}</var>
<arg>${json_object}</arg>
<arg>$.firstname</arg>
<doc>Get Value From JSON using JSONPath</doc>
<status status="NOT RUN" starttime="20230130 21:17:56.132" endtime="20230130 21:17:56.132"/>
</kw>
<kw name="Log To Console" library="BuiltIn">
<arg>${name[0]}</arg>
<doc>Logs the given message to the console.</doc>
<status status="NOT RUN" starttime="20230130 21:17:56.133" endtime="20230130 21:17:56.133"/>
</kw>
<kw name="Should Be Equal" library="BuiltIn">
<arg>${name[0]}</arg>
<arg>John</arg>
<doc>Fails if the given objects are unequal.</doc>
<status status="NOT RUN" starttime="20230130 21:17:56.134" endtime="20230130 21:17:56.134"/>
</kw>
<status status="FAIL" starttime="20230130 21:17:55.637" endtime="20230130 21:17:56.135">JSONDecodeError: Expecting value: line 1 column 1 (char 0)</status>
</test>
<status status="FAIL" starttime="20230130 21:17:55.335" endtime="20230130 21:17:56.138"/>
</suite>
<statistics>
<total>
<stat pass="0" fail="1" skip="0">All Tests</stat>
</total>
<tag>
</tag>
<suite>
<stat pass="0" fail="1" skip="0" id="s1" name="TC4 json">TC4 json</stat>
</suite>
</statistics>
<errors>
<msg timestamp="20230130 21:17:55.639" level="WARN">Keyword 'RequestsLibrary.Get Request' is deprecated. Please use `GET On Session` instead.</msg>
<msg timestamp="20230130 21:17:56.126" level="WARN">Keyword 'RequestsLibrary.To Json' is deprecated. Please use ${resp.json()} instead. Have a look at the improved HTML output as pretty printing replacement.</msg>
</errors>
</robot>
