<?xml version="1.0" encoding="UTF-8"?>
<robot generator="Robot 6.0.1 (Python 3.11.1 on win32)" generated="20230123 21:34:06.069" rpa="false" schemaversion="3">
<suite id="s1" name="TC1 Get" source="C:\Users\Admin\PycharmProjects\APIAutomation\TestCases\TC1_Get.robot">
<test id="s1-t1" name="Get_weatherInfo" line="13">
<kw name="Create Session" library="RequestsLibrary">
<arg>mysession</arg>
<arg>${base_ur}</arg>
<doc>Create Session: create a HTTP session to a server</doc>
<msg timestamp="20230123 21:34:06.432" level="INFO">Creating Session using : alias=mysession, url=https://demoqa.com, headers={},                     cookies={}, auth=None, timeout=None, proxies=None, verify=False,                     debug=0 </msg>
<status status="PASS" starttime="20230123 21:34:06.432" endtime="20230123 21:34:06.433"/>
</kw>
<kw name="GET On Session" library="RequestsLibrary">
<var>${response}</var>
<arg>mysession</arg>
<arg>/utilities/weather/city/${city}</arg>
<doc>Sends a GET request on a previously created HTTP Session.</doc>
<msg timestamp="20230123 21:34:08.674" level="INFO">GET Request : url=https://demoqa.com/utilities/weather/city/Delhi 
 path_url=/utilities/weather/city/Delhi 
 headers={'User-Agent': 'python-requests/2.28.1', 'Accept-Encoding': 'gzip, deflate', 'Accept': '*/*', 'Connection': 'keep-alive'} 
 body=None 
 </msg>
<msg timestamp="20230123 21:34:08.674" level="INFO">GET Response : url=https://demoqa.com/utilities/weather/city/Delhi 
 status=200, reason=OK 
 headers={'Server': 'nginx/1.17.10 (Ubuntu)', 'Date': 'Mon, 23 Jan 2023 20:34:08 GMT', 'Content-Type': 'application/json; charset=utf-8', 'Content-Length': '184', 'Connection': 'keep-alive', 'X-Powered-By': 'Express', 'ETag': 'W/"b8-zyhdY44UMr9VS7pB9XMo4Eij5to"'} 
 body={"City":"Delhi","Temperature":"188 Degree celsius","Humidity":"27 Percent","Weather Description":"scattered clouds","Wind Speed":"180 Km per hour","Wind Direction degree":"157 Degree"} 
 </msg>
<msg timestamp="20230123 21:34:08.675" level="INFO">C:\Users\Admin\AppData\Local\Programs\Python\Python311\Lib\site-packages\urllib3\connectionpool.py:1045: InsecureRequestWarning: Unverified HTTPS request is being made to host 'demoqa.com'. Adding certificate verification is strongly advised. See: https://urllib3.readthedocs.io/en/1.26.x/advanced-usage.html#ssl-warnings
  warnings.warn(</msg>
<msg timestamp="20230123 21:34:08.676" level="INFO">${response} = &lt;Response [200]&gt;</msg>
<status status="PASS" starttime="20230123 21:34:06.434" endtime="20230123 21:34:08.676"/>
</kw>
<kw name="Log To Console" library="BuiltIn">
<arg>${response.status_code}</arg>
<doc>Logs the given message to the console.</doc>
<status status="PASS" starttime="20230123 21:34:08.677" endtime="20230123 21:34:08.678"/>
</kw>
<kw name="Convert To String" library="BuiltIn">
<var>${staus_code}</var>
<arg>${response.status_code}</arg>
<doc>Converts the given item to a Unicode string.</doc>
<msg timestamp="20230123 21:34:08.680" level="INFO">${staus_code} = 200</msg>
<status status="PASS" starttime="20230123 21:34:08.679" endtime="20230123 21:34:08.680"/>
</kw>
<kw name="Should Be Equal" library="BuiltIn">
<arg>${staus_code}</arg>
<arg>200</arg>
<doc>Fails if the given objects are unequal.</doc>
<status status="PASS" starttime="20230123 21:34:08.681" endtime="20230123 21:34:08.681"/>
</kw>
<status status="PASS" starttime="20230123 21:34:06.430" endtime="20230123 21:34:08.682"/>
</test>
<status status="PASS" starttime="20230123 21:34:06.073" endtime="20230123 21:34:08.684"/>
</suite>
<statistics>
<total>
<stat pass="1" fail="0" skip="0">All Tests</stat>
</total>
<tag>
</tag>
<suite>
<stat pass="1" fail="0" skip="0" id="s1" name="TC1 Get">TC1 Get</stat>
</suite>
</statistics>
<errors>
</errors>
</robot>
