<?xml version="1.0" encoding="UTF-8"?>
<robot generator="Robot 6.0.1 (Python 3.11.1 on win32)" generated="20230202 21:44:57.353" rpa="false" schemaversion="3">
<suite id="s1" name="TC9 BearerAuth" source="C:\Users\Admin\PycharmProjects\APIAutomation\TestCases\TC9_BearerAuth.robot">
<test id="s1-t1" name="Bearer Authentication Test" line="14">
<kw name="Create Session" library="RequestsLibrary">
<arg>mysession</arg>
<arg>${base_url}</arg>
<doc>Create Session: create a HTTP session to a server</doc>
<msg timestamp="20230202 21:44:57.770" level="INFO">Creating Session using : alias=mysession, url=https://certtransaction.elementexpress.com, headers={},                     cookies={}, auth=None, timeout=None, proxies=None, verify=False,                     debug=0 </msg>
<status status="PASS" starttime="20230202 21:44:57.768" endtime="20230202 21:44:57.771"/>
</kw>
<kw name="Create Dictionary" library="BuiltIn">
<var>${headers}</var>
<arg>Authorization=${bearer_token}</arg>
<arg>Content-Type=text/xml</arg>
<doc>Creates and returns a dictionary based on the given ``items``.</doc>
<msg timestamp="20230202 21:44:57.772" level="INFO">${headers} = {'Authorization': '"Bearer E4F284BFADA11D01A52508ED7B92FFD7EE0905659F5DED06A4B73FC7739B48A287648801"', 'Content-Type': 'text/xml'}</msg>
<status status="PASS" starttime="20230202 21:44:57.771" endtime="20230202 21:44:57.772"/>
</kw>
<kw name="Get File" library="OperatingSystem">
<var>${req_body}</var>
<arg>C:/SeleniumPractice/xmldata/xmlFileCredit.txt</arg>
<doc>Returns the contents of a specified file.</doc>
<msg timestamp="20230202 21:44:57.774" level="INFO" html="true">Getting file '&lt;a href="file://C:\SeleniumPractice\xmldata\xmlFileCredit.txt"&gt;C:\SeleniumPractice\xmldata\xmlFileCredit.txt&lt;/a&gt;'.</msg>
<msg timestamp="20230202 21:44:57.774" level="INFO">${req_body} = &lt;CreditCardSale xmlns="https://transaction.elementexpress.com"&gt;
  &lt;Credentials&gt;
    &lt;AccountID&gt;&lt;/AccountID&gt;
    &lt;AccountToken&gt;&lt;/AccountToken&gt;
    &lt;AcceptorID&gt;&lt;/AcceptorID&gt;
  &lt;/Credentials&gt;
  &lt;Applicat...</msg>
<status status="PASS" starttime="20230202 21:44:57.773" endtime="20230202 21:44:57.774"/>
</kw>
<kw name="Post Request" library="RequestsLibrary">
<var>${response}</var>
<arg>mysession</arg>
<arg>/</arg>
<arg>data=${req_body}</arg>
<arg>headers=${headers}</arg>
<doc>*DEPRECATED* Please use `POST On Session` instead.</doc>
<msg timestamp="20230202 21:44:57.776" level="WARN">Keyword 'RequestsLibrary.Post Request' is deprecated. Please use `POST On Session` instead.</msg>
<msg timestamp="20230202 21:44:58.347" level="INFO">POST Request : url=https://certtransaction.elementexpress.com/ 
 path_url=/ 
 headers={'User-Agent': 'python-requests/2.28.1', 'Accept-Encoding': 'gzip, deflate', 'Accept': '*/*', 'Connection': 'keep-alive', 'Authorization': '"Bearer E4F284BFADA11D01A52508ED7B92FFD7EE0905659F5DED06A4B73FC7739B48A287648801"', 'Content-Type': 'text/xml', 'Content-Length': '1013'} 
 body=&lt;CreditCardSale xmlns="https://transaction.elementexpress.com"&gt;
  &lt;Credentials&gt;
    &lt;AccountID&gt;&lt;/AccountID&gt;
    &lt;AccountToken&gt;&lt;/AccountToken&gt;
    &lt;AcceptorID&gt;&lt;/AcceptorID&gt;
  &lt;/Credentials&gt;
  &lt;Application&gt;
    &lt;ApplicationID&gt;&lt;/ApplicationID&gt;
    &lt;ApplicationVersion&gt;1.0&lt;/ApplicationVersion&gt;
    &lt;ApplicationName&gt;Express.CSharp&lt;/ApplicationName&gt;
  &lt;/Application&gt;
  &lt;Terminal&gt;
    &lt;TerminalID&gt;01&lt;/TerminalID&gt;
    &lt;CardholderPresentCode&gt;2&lt;/CardholderPresentCode&gt;
    &lt;CardInputCode&gt;5&lt;/CardInputCode&gt;
    &lt;TerminalCapabilityCode&gt;3&lt;/TerminalCapabilityCode&gt;
    &lt;TerminalEnvironmentCode&gt;2&lt;/TerminalEnvironmentCode&gt;
    &lt;CardPresentCode&gt;2&lt;/CardPresentCode&gt;
    &lt;MotoECICode&gt;1&lt;/MotoECICode&gt;
    &lt;CVVPresenceCode&gt;1&lt;/CVVPresenceCode&gt;
  &lt;/Terminal&gt;
  &lt;Transaction&gt;
    &lt;TransactionAmount&gt;6.55&lt;/TransactionAmount&gt;
    &lt;MarketCode&gt;7&lt;/MarketCode&gt;
  &lt;/Transaction&gt;
  &lt;Card&gt;
    &lt;CardNumber&gt;5499990123456781&lt;/CardNumber&gt;
    &lt;ExpirationMonth&gt;12&lt;/ExpirationMonth&gt;
    &lt;ExpirationYear&gt;19&lt;/ExpirationYear&gt;
  &lt;/Card&gt;
&lt;/CreditCardSale&gt; 
 </msg>
<msg timestamp="20230202 21:44:58.347" level="INFO">POST Response : url=https://certtransaction.elementexpress.com/ 
 status=200, reason=OK 
 headers={'Date': 'Thu, 02 Feb 2023 20:45:00 GMT', 'Content-Type': 'text/xml; charset=utf-8', 'Transfer-Encoding': 'chunked', 'Connection': 'keep-alive', 'Cache-Control': 'private', 'Content-Encoding': 'gzip', 'Vary': 'Accept-Encoding', 'Strict-Transport-Security': 'max-age=31536000; includeSubDomains', 'X-Content-Type-Options': 'nosniff', 'X-XSS-Protection': '1; mode=block', 'X-Frame-Options': 'DENY', 'CF-Cache-Status': 'DYNAMIC', 'Set-Cookie': '__cf_bm=J1H6HHQmExKkdTwvlt4wOXbtgasmdRvi9jWshN6gs_M-1675370700-0-AYiawO0SAm2VWKlH16d+D632sDjELvFTpPH0JnKdwltySxfB1W3WIIR5kevvHHuRoVcPqh9+Z7yzgLSzDfoAGUrxPV1lbT3IxHTtiAZrJ9tP; path=/; expires=Thu, 02-Feb-23 21:15:00 GMT; domain=.certtransaction.elementexpress.com; HttpOnly; Secure; SameSite=None, __cfruid=2712833f0907b32f36f69d61be6e9a7847c5d426-1675370700; path=/; domain=.certtransaction.elementexpress.com; HttpOnly; Secure; SameSite=None', 'Server': 'cloudflare', 'CF-RAY': '7935c4997b12b728-AMS'} 
 body=&lt;Response xmlns='https://transaction.elementexpress.com'&gt;&lt;Response&gt;&lt;ExpressResponseCode&gt;103&lt;/ExpressResponseCode&gt;&lt;ExpressResponseMessage&gt;The 'https://transaction.elementexpress.com:AccountID' element is invalid - The value '' is invalid according to its datatype 'http://www.w3.org/2001/XMLSchema:integer' - The string '' is not a valid Integer value.&lt;/ExpressResponseMessage&gt;&lt;/Response&gt;&lt;/Response&gt; 
 </msg>
<msg timestamp="20230202 21:44:58.347" level="INFO">C:\Users\Admin\AppData\Local\Programs\Python\Python311\Lib\site-packages\urllib3\connectionpool.py:1045: InsecureRequestWarning: Unverified HTTPS request is being made to host 'certtransaction.elementexpress.com'. Adding certificate verification is strongly advised. See: https://urllib3.readthedocs.io/en/1.26.x/advanced-usage.html#ssl-warnings
  warnings.warn(</msg>
<msg timestamp="20230202 21:44:58.353" level="INFO">${response} = &lt;Response [200]&gt;</msg>
<status status="PASS" starttime="20230202 21:44:57.776" endtime="20230202 21:44:58.353"/>
</kw>
<kw name="Log To Console" library="BuiltIn">
<arg>${response.status_code}</arg>
<doc>Logs the given message to the console.</doc>
<status status="PASS" starttime="20230202 21:44:58.355" endtime="20230202 21:44:58.358"/>
</kw>
<kw name="Log To Console" library="BuiltIn">
<arg>${response.content}</arg>
<doc>Logs the given message to the console.</doc>
<status status="PASS" starttime="20230202 21:44:58.359" endtime="20230202 21:44:58.359"/>
</kw>
<status status="PASS" starttime="20230202 21:44:57.767" endtime="20230202 21:44:58.365"/>
</test>
<status status="PASS" starttime="20230202 21:44:57.357" endtime="20230202 21:44:58.368"/>
</suite>
<statistics>
<total>
<stat pass="1" fail="0" skip="0">All Tests</stat>
</total>
<tag>
</tag>
<suite>
<stat pass="1" fail="0" skip="0" id="s1" name="TC9 BearerAuth">TC9 BearerAuth</stat>
</suite>
</statistics>
<errors>
<msg timestamp="20230202 21:44:57.776" level="WARN">Keyword 'RequestsLibrary.Post Request' is deprecated. Please use `POST On Session` instead.</msg>
</errors>
</robot>
