<?xml version="1.0" encoding="UTF-8"?>
<robot generator="Robot 6.0.1 (Python 3.11.1 on win32)" generated="20230130 23:21:08.672" rpa="false" schemaversion="3">
<suite id="s1" name="TC5 xml" source="C:\Users\Admin\PycharmProjects\APIAutomation\TestCases\TC5_xml.robot">
<test id="s1-t1" name="TestCase1" line="9">
<kw name="Parse Xml" library="XML">
<var>${xml_obj}</var>
<arg>C:/SeleniumPractice/xmldata/xmlFile.txt</arg>
<doc>Parses the given XML file or string into an element structure.</doc>
<msg timestamp="20230130 23:21:08.753" level="INFO">${xml_obj} = &lt;Element 'Root' at 0x00000203F7147F10&gt;</msg>
<status status="PASS" starttime="20230130 23:21:08.752" endtime="20230130 23:21:08.753"/>
</kw>
<kw name="Get Element Text" library="XML">
<var>${emp_first}</var>
<arg>${xml_obj}</arg>
<arg>.//Customer[1]/Phone</arg>
<doc>Returns all text of the element, possibly whitespace normalized.</doc>
<msg timestamp="20230130 23:21:08.754" level="INFO">${emp_first} = (503) 555-7555</msg>
<status status="PASS" starttime="20230130 23:21:08.754" endtime="20230130 23:21:08.755"/>
</kw>
<kw name="Log To Console" library="BuiltIn">
<arg>${emp_first}</arg>
<doc>Logs the given message to the console.</doc>
<status status="PASS" starttime="20230130 23:21:08.755" endtime="20230130 23:21:08.756"/>
</kw>
<kw name="Get Element Text" library="XML">
<var>${emp_sec}</var>
<arg>${xml_obj}</arg>
<arg>.//Customer[2]/Phone</arg>
<doc>Returns all text of the element, possibly whitespace normalized.</doc>
<msg timestamp="20230130 23:21:08.757" level="INFO">${emp_sec} = (503) 555-6874</msg>
<status status="PASS" starttime="20230130 23:21:08.756" endtime="20230130 23:21:08.757"/>
</kw>
<kw name="Log To Console" library="BuiltIn">
<arg>${emp_sec}</arg>
<doc>Logs the given message to the console.</doc>
<status status="PASS" starttime="20230130 23:21:08.758" endtime="20230130 23:21:08.758"/>
</kw>
<kw name="Get Element Count" library="XML">
<var>${numberOfCustomers}</var>
<arg>${xml_obj}</arg>
<arg>.//Customer</arg>
<doc>Returns and logs how many elements the given ``xpath`` matches.</doc>
<msg timestamp="20230130 23:21:08.759" level="INFO">4 elements matched './/Customer'.</msg>
<msg timestamp="20230130 23:21:08.759" level="INFO">${numberOfCustomers} = 4</msg>
<status status="PASS" starttime="20230130 23:21:08.759" endtime="20230130 23:21:08.759"/>
</kw>
<kw name="Log To Console" library="BuiltIn">
<arg>${numberOfCustomers}</arg>
<doc>Logs the given message to the console.</doc>
<status status="PASS" starttime="20230130 23:21:08.760" endtime="20230130 23:21:08.760"/>
</kw>
<kw name="Should Be Equal As Integers" library="BuiltIn">
<arg>${numberOfCustomers}</arg>
<arg>4</arg>
<doc>Fails if objects are unequal after converting them to integers.</doc>
<msg timestamp="20230130 23:21:08.761" level="INFO">Argument types are:
&lt;class 'int'&gt;
&lt;class 'str'&gt;</msg>
<status status="PASS" starttime="20230130 23:21:08.761" endtime="20230130 23:21:08.761"/>
</kw>
<kw name="Element Attribute Should Be" library="XML">
<arg>${xml_obj}</arg>
<arg>CustomerID</arg>
<arg>GREAL</arg>
<arg>.//Customer[1]</arg>
<doc>Verifies that the specified attribute is ``expected``.</doc>
<status status="PASS" starttime="20230130 23:21:08.762" endtime="20230130 23:21:08.763"/>
</kw>
<status status="PASS" starttime="20230130 23:21:08.751" endtime="20230130 23:21:08.763"/>
</test>
<status status="PASS" starttime="20230130 23:21:08.674" endtime="20230130 23:21:08.766"/>
</suite>
<statistics>
<total>
<stat pass="1" fail="0" skip="0">All Tests</stat>
</total>
<tag>
</tag>
<suite>
<stat pass="1" fail="0" skip="0" id="s1" name="TC5 xml">TC5 xml</stat>
</suite>
</statistics>
<errors>
<msg timestamp="20230130 23:21:08.737" level="ERROR">Error in file 'C:\Users\Admin\PycharmProjects\APIAutomation\TestCases\TC5_xml.robot' on line 3: Importing library 'OS' failed: ModuleNotFoundError: No module named 'OS'
Traceback (most recent call last):
  None
PYTHONPATH:
  C:\Users\Admin\AppData\Local\Programs\Python\Python311\Scripts\robot.exe
  C:\Users\Admin\AppData\Local\Programs\Python\Python311\python311.zip
  C:\Users\Admin\AppData\Local\Programs\Python\Python311\Lib
  C:\Users\Admin\AppData\Local\Programs\Python\Python311\DLLs
  C:\Users\Admin\AppData\Roaming\Python\Python311\site-packages
  C:\Users\Admin\AppData\Local\Programs\Python\Python311
  C:\Users\Admin\AppData\Local\Programs\Python\Python311\Lib\site-packages</msg>
</errors>
</robot>
